2025-01-05 14:17:20 [[32minfo[39m]: ✅ Database connection established...
2025-01-05 14:17:20 [[32minfo[39m]: 🚀 Server is running on port 7777...
2025-01-05 14:17:57 [[32minfo[39m]: ✅ Database connection established...
2025-01-05 14:17:57 [[32minfo[39m]: 🚀 Server is running on port 7777...
2025-01-05 14:18:06 [[32minfo[39m]: ✅ Database connection established...
2025-01-05 14:18:06 [[32minfo[39m]: 🚀 Server is running on port 7777...
2025-01-05 14:18:20 [[32minfo[39m]: ✅ Database connection established...
2025-01-05 14:18:20 [[32minfo[39m]: 🚀 Server is running on port 7777...
2025-01-05 14:18:20 [[32minfo[39m]: Welcome to Internet Fusion API
2025-01-05 14:18:56 [[31merror[39m]: OverwriteModelError: Cannot overwrite `User` model once compiled.
    at Mongoose.model (C:\Users\Lenovo\OneDrive\Desktop\ThreeJS\fdsfdsf\HackThisFall_InterestFusion\backend\node_modules\mongoose\lib\mongoose.js:608:13)
    at Object.<anonymous> (C:\Users\Lenovo\OneDrive\Desktop\ThreeJS\fdsfdsf\HackThisFall_InterestFusion\backend\models\user.js:98:27)
    at Module._compile (node:internal/modules/cjs/loader:1241:14)
    at Module._extensions..js (node:internal/modules/cjs/loader:1295:10)
    at Module.load (node:internal/modules/cjs/loader:1091:32)
    at Module._load (node:internal/modules/cjs/loader:938:12)
    at Module.require (node:internal/modules/cjs/loader:1115:19)
    at require (node:internal/modules/helpers:130:18)
    at Object.<anonymous> (C:\Users\Lenovo\OneDrive\Desktop\ThreeJS\fdsfdsf\HackThisFall_InterestFusion\backend\middlewares\auth.js:2:14)
    at Module._compile (node:internal/modules/cjs/loader:1241:14)
2025-01-05 14:19:01 [[32minfo[39m]: ✅ Database connection established...
2025-01-05 14:19:01 [[32minfo[39m]: 🚀 Server is running on port 7777...
